<?xml version="1.0" encoding="UTF-8"?>
<testsuite name="org.launchcode.letseat.LetsEatApplicationTests" tests="1" skipped="0" failures="0" errors="0" timestamp="2021-04-20T03:26:36" hostname="DESKTOP-MAL4QA3" time="5.18">
  <properties/>
  <testcase name="contextLoads()" classname="org.launchcode.letseat.LetsEatApplicationTests" time="5.18"/>
  <system-out><![CDATA[20:26:18.657 [Test worker] DEBUG org.springframework.test.context.BootstrapUtils - Instantiating CacheAwareContextLoaderDelegate from class [org.springframework.test.context.cache.DefaultCacheAwareContextLoaderDelegate]
20:26:18.766 [Test worker] DEBUG org.springframework.test.context.BootstrapUtils - Instantiating BootstrapContext using constructor [public org.springframework.test.context.support.DefaultBootstrapContext(java.lang.Class,org.springframework.test.context.CacheAwareContextLoaderDelegate)]
20:26:18.954 [Test worker] DEBUG org.springframework.test.context.BootstrapUtils - Instantiating TestContextBootstrapper for test class [org.launchcode.letseat.LetsEatApplicationTests] from class [org.springframework.boot.test.context.SpringBootTestContextBootstrapper]
20:26:19.079 [Test worker] INFO org.springframework.boot.test.context.SpringBootTestContextBootstrapper - Neither @ContextConfiguration nor @ContextHierarchy found for test class [org.launchcode.letseat.LetsEatApplicationTests], using SpringBootContextLoader
20:26:19.126 [Test worker] DEBUG org.springframework.test.context.support.AbstractContextLoader - Did not detect default resource location for test class [org.launchcode.letseat.LetsEatApplicationTests]: class path resource [org/launchcode/letseat/LetsEatApplicationTests-context.xml] does not exist
20:26:19.126 [Test worker] DEBUG org.springframework.test.context.support.AbstractContextLoader - Did not detect default resource location for test class [org.launchcode.letseat.LetsEatApplicationTests]: class path resource [org/launchcode/letseat/LetsEatApplicationTestsContext.groovy] does not exist
20:26:19.126 [Test worker] INFO org.springframework.test.context.support.AbstractContextLoader - Could not detect default resource locations for test class [org.launchcode.letseat.LetsEatApplicationTests]: no resource found for suffixes {-context.xml, Context.groovy}.
20:26:19.141 [Test worker] INFO org.springframework.test.context.support.AnnotationConfigContextLoaderUtils - Could not detect default configuration classes for test class [org.launchcode.letseat.LetsEatApplicationTests]: LetsEatApplicationTests does not declare any static, non-private, non-final, nested classes annotated with @Configuration.
20:26:19.712 [Test worker] DEBUG org.springframework.test.context.support.ActiveProfilesUtils - Could not find an 'annotation declaring class' for annotation type [org.springframework.test.context.ActiveProfiles] and class [org.launchcode.letseat.LetsEatApplicationTests]
20:26:20.417 [Test worker] DEBUG org.springframework.context.annotation.ClassPathScanningCandidateComponentProvider - Identified candidate component class: file [C:\Users\angel\liftoff\lets-eat\lets-eat\build\classes\java\main\org\launchcode\letseat\LetsEatApplication.class]
20:26:20.433 [Test worker] INFO org.springframework.boot.test.context.SpringBootTestContextBootstrapper - Found @SpringBootConfiguration org.launchcode.letseat.LetsEatApplication for test class org.launchcode.letseat.LetsEatApplicationTests
20:26:21.353 [Test worker] DEBUG org.springframework.boot.test.context.SpringBootTestContextBootstrapper - @TestExecutionListeners is not present for class [org.launchcode.letseat.LetsEatApplicationTests]: using defaults.
20:26:21.353 [Test worker] INFO org.springframework.boot.test.context.SpringBootTestContextBootstrapper - Loaded default TestExecutionListener class names from location [META-INF/spring.factories]: [org.springframework.boot.test.autoconfigure.restdocs.RestDocsTestExecutionListener, org.springframework.boot.test.autoconfigure.web.client.MockRestServiceServerResetTestExecutionListener, org.springframework.boot.test.autoconfigure.web.servlet.MockMvcPrintOnlyOnFailureTestExecutionListener, org.springframework.boot.test.autoconfigure.web.servlet.WebDriverTestExecutionListener, org.springframework.boot.test.autoconfigure.webservices.client.MockWebServiceServerTestExecutionListener, org.springframework.boot.test.mock.mockito.MockitoTestExecutionListener, org.springframework.boot.test.mock.mockito.ResetMocksTestExecutionListener, org.springframework.test.context.web.ServletTestExecutionListener, org.springframework.test.context.support.DirtiesContextBeforeModesTestExecutionListener, org.springframework.test.context.support.DependencyInjectionTestExecutionListener, org.springframework.test.context.support.DirtiesContextTestExecutionListener, org.springframework.test.context.transaction.TransactionalTestExecutionListener, org.springframework.test.context.jdbc.SqlScriptsTestExecutionListener, org.springframework.test.context.event.EventPublishingTestExecutionListener]
20:26:21.462 [Test worker] DEBUG org.springframework.boot.test.context.SpringBootTestContextBootstrapper - Skipping candidate TestExecutionListener [org.springframework.test.context.transaction.TransactionalTestExecutionListener] due to a missing dependency. Specify custom listener classes or make the default listener classes and their required dependencies available. Offending class: [org/springframework/transaction/interceptor/TransactionAttributeSource]
20:26:21.478 [Test worker] DEBUG org.springframework.boot.test.context.SpringBootTestContextBootstrapper - Skipping candidate TestExecutionListener [org.springframework.test.context.jdbc.SqlScriptsTestExecutionListener] due to a missing dependency. Specify custom listener classes or make the default listener classes and their required dependencies available. Offending class: [org/springframework/transaction/interceptor/TransactionAttribute]
20:26:21.494 [Test worker] INFO org.springframework.boot.test.context.SpringBootTestContextBootstrapper - Using TestExecutionListeners: [org.springframework.test.context.web.ServletTestExecutionListener@454d2e0f, org.springframework.test.context.support.DirtiesContextBeforeModesTestExecutionListener@2fbe52f2, org.springframework.boot.test.mock.mockito.MockitoTestExecutionListener@11d7db0b, org.springframework.boot.test.autoconfigure.SpringBootDependencyInjectionTestExecutionListener@490af00f, org.springframework.test.context.support.DirtiesContextTestExecutionListener@651b8277, org.springframework.test.context.event.EventPublishingTestExecutionListener@386f75e4, org.springframework.boot.test.autoconfigure.restdocs.RestDocsTestExecutionListener@174fee61, org.springframework.boot.test.autoconfigure.web.client.MockRestServiceServerResetTestExecutionListener@95bfe0f, org.springframework.boot.test.autoconfigure.web.servlet.MockMvcPrintOnlyOnFailureTestExecutionListener@306acd69, org.springframework.boot.test.autoconfigure.web.servlet.WebDriverTestExecutionListener@73695ed5, org.springframework.boot.test.autoconfigure.webservices.client.MockWebServiceServerTestExecutionListener@1bbd9a3f, org.springframework.boot.test.mock.mockito.ResetMocksTestExecutionListener@4dc0b4c1]
20:26:21.549 [Test worker] DEBUG org.springframework.test.context.support.AbstractDirtiesContextTestExecutionListener - Before test class: context [DefaultTestContext@24d9981f testClass = LetsEatApplicationTests, testInstance = [null], testMethod = [null], testException = [null], mergedContextConfiguration = [WebMergedContextConfiguration@26712170 testClass = LetsEatApplicationTests, locations = '{}', classes = '{class org.launchcode.letseat.LetsEatApplication}', contextInitializerClasses = '[]', activeProfiles = '{}', propertySourceLocations = '{}', propertySourceProperties = '{org.springframework.boot.test.context.SpringBootTestContextBootstrapper=true}', contextCustomizers = set[org.springframework.boot.test.autoconfigure.properties.PropertyMappingContextCustomizer@0, org.springframework.boot.test.autoconfigure.web.servlet.WebDriverContextCustomizerFactory$Customizer@7c2411d4, org.springframework.boot.test.context.filter.ExcludeFilterContextCustomizer@69efb87c, org.springframework.boot.test.json.DuplicateJsonObjectContextCustomizerFactory$DuplicateJsonObjectContextCustomizer@130bcecc, org.springframework.boot.test.mock.mockito.MockitoContextCustomizer@0, org.springframework.boot.test.web.client.TestRestTemplateContextCustomizer@20115f2, org.springframework.boot.test.context.SpringBootTestArgs@1, org.springframework.boot.test.context.SpringBootTestWebEnvironment@52528b5f], resourceBasePath = 'src/main/webapp', contextLoader = 'org.springframework.boot.test.context.SpringBootContextLoader', parent = [null]], attributes = map['org.springframework.test.context.web.ServletTestExecutionListener.activateListener' -> true]], class annotated with @DirtiesContext [false] with mode [null].
20:26:21.921 [Test worker] DEBUG org.springframework.test.context.support.TestPropertySourceUtils - Adding inlined properties to environment: {spring.jmx.enabled=false, org.springframework.boot.test.context.SpringBootTestContextBootstrapper=true}

  .   ____          _            __ _ _
 /\\ / ___'_ __ _ _(_)_ __  __ _ \ \ \ \
( ( )\___ | '_ | '_| | '_ \/ _` | \ \ \ \
 \\/  ___)| |_)| | | | | || (_| |  ) ) ) )
  '  |____| .__|_| |_|_| |_\__, | / / / /
 =========|_|==============|___/=/_/_/_/
 :: Spring Boot ::       (v2.3.10.RELEASE)

2021-04-19 20:26:24.523  INFO 10884 --- [    Test worker] o.l.letseat.LetsEatApplicationTests      : Starting LetsEatApplicationTests on DESKTOP-MAL4QA3 with PID 10884 (started by angel in C:\Users\angel\liftoff\lets-eat\lets-eat)
2021-04-19 20:26:24.561  INFO 10884 --- [    Test worker] o.l.letseat.LetsEatApplicationTests      : No active profile set, falling back to default profiles: default
2021-04-19 20:26:33.584  INFO 10884 --- [    Test worker] o.s.s.concurrent.ThreadPoolTaskExecutor  : Initializing ExecutorService 'applicationTaskExecutor'
2021-04-19 20:26:36.371  INFO 10884 --- [    Test worker] o.l.letseat.LetsEatApplicationTests      : Started LetsEatApplicationTests in 14.326 seconds (JVM running for 25.195)
]]></system-out>
  <system-err><![CDATA[]]></system-err>
</testsuite>
